running egg_info
creating ../build/camera_pipeline/camera_pipeline.egg-info
writing ../build/camera_pipeline/camera_pipeline.egg-info/PKG-INFO
writing dependency_links to ../build/camera_pipeline/camera_pipeline.egg-info/dependency_links.txt
writing requirements to ../build/camera_pipeline/camera_pipeline.egg-info/requires.txt
writing top-level names to ../build/camera_pipeline/camera_pipeline.egg-info/top_level.txt
writing manifest file '../build/camera_pipeline/camera_pipeline.egg-info/SOURCES.txt'
reading manifest file '../build/camera_pipeline/camera_pipeline.egg-info/SOURCES.txt'
writing manifest file '../build/camera_pipeline/camera_pipeline.egg-info/SOURCES.txt'
running build
running build_py
creating /home/aron-larsen/lab4/src/build/camera_pipeline/build
creating /home/aron-larsen/lab4/src/build/camera_pipeline/build/lib
creating /home/aron-larsen/lab4/src/build/camera_pipeline/build/lib/camera_pipeline
copying camera_pipeline/__init__.py -> /home/aron-larsen/lab4/src/build/camera_pipeline/build/lib/camera_pipeline
running install
running install_lib
creating /home/aron-larsen/lab4/src/install/camera_pipeline/lib/python3.12/site-packages/camera_pipeline
copying /home/aron-larsen/lab4/src/build/camera_pipeline/build/lib/camera_pipeline/__init__.py -> /home/aron-larsen/lab4/src/install/camera_pipeline/lib/python3.12/site-packages/camera_pipeline
byte-compiling /home/aron-larsen/lab4/src/install/camera_pipeline/lib/python3.12/site-packages/camera_pipeline/__init__.py to __init__.cpython-312.pyc
running install_data
creating /home/aron-larsen/lab4/src/install/camera_pipeline/share/ament_index
creating /home/aron-larsen/lab4/src/install/camera_pipeline/share/ament_index/resource_index
creating /home/aron-larsen/lab4/src/install/camera_pipeline/share/ament_index/resource_index/packages
copying resource/camera_pipeline -> /home/aron-larsen/lab4/src/install/camera_pipeline/share/ament_index/resource_index/packages
copying package.xml -> /home/aron-larsen/lab4/src/install/camera_pipeline/share/camera_pipeline
running install_egg_info
Copying ../build/camera_pipeline/camera_pipeline.egg-info to /home/aron-larsen/lab4/src/install/camera_pipeline/lib/python3.12/site-packages/camera_pipeline-0.0.0-py3.12.egg-info
running install_scripts
writing list of installed files to '/home/aron-larsen/lab4/src/build/camera_pipeline/install.log'
