[1.814s] Invoking command in '/home/aron-larsen/lab4/src/camera_pipeline': DEBUGINFOD_URLS=https://debuginfod.ubuntu.com PYTHONPATH=/home/aron-larsen/lab4/src/build/camera_pipeline/prefix_override:/usr/lib/python3/dist-packages/colcon_core/task/python/colcon_distutils_commands:/home/aron-larsen/lab4/src/install/camera_pipeline/lib/python3.12/site-packages:${PYTHONPATH} /usr/bin/python3 -W ignore:setup.py install is deprecated -W ignore:easy_install command is deprecated setup.py egg_info --egg-base ../build/camera_pipeline build --build-base /home/aron-larsen/lab4/src/build/camera_pipeline/build install --record /home/aron-larsen/lab4/src/build/camera_pipeline/install.log --single-version-externally-managed install_data
[2.091s] running egg_info
[2.091s] creating ../build/camera_pipeline/camera_pipeline.egg-info
[2.111s] writing ../build/camera_pipeline/camera_pipeline.egg-info/PKG-INFO
[2.112s] writing dependency_links to ../build/camera_pipeline/camera_pipeline.egg-info/dependency_links.txt
[2.112s] writing requirements to ../build/camera_pipeline/camera_pipeline.egg-info/requires.txt
[2.112s] writing top-level names to ../build/camera_pipeline/camera_pipeline.egg-info/top_level.txt
[2.112s] writing manifest file '../build/camera_pipeline/camera_pipeline.egg-info/SOURCES.txt'
[2.152s] reading manifest file '../build/camera_pipeline/camera_pipeline.egg-info/SOURCES.txt'
[2.153s] writing manifest file '../build/camera_pipeline/camera_pipeline.egg-info/SOURCES.txt'
[2.153s] running build
[2.153s] running build_py
[2.153s] creating /home/aron-larsen/lab4/src/build/camera_pipeline/build
[2.153s] creating /home/aron-larsen/lab4/src/build/camera_pipeline/build/lib
[2.154s] creating /home/aron-larsen/lab4/src/build/camera_pipeline/build/lib/camera_pipeline
[2.154s] copying camera_pipeline/__init__.py -> /home/aron-larsen/lab4/src/build/camera_pipeline/build/lib/camera_pipeline
[2.154s] running install
[2.159s] running install_lib
[2.178s] creating /home/aron-larsen/lab4/src/install/camera_pipeline/lib/python3.12/site-packages/camera_pipeline
[2.178s] copying /home/aron-larsen/lab4/src/build/camera_pipeline/build/lib/camera_pipeline/__init__.py -> /home/aron-larsen/lab4/src/install/camera_pipeline/lib/python3.12/site-packages/camera_pipeline
[2.178s] byte-compiling /home/aron-larsen/lab4/src/install/camera_pipeline/lib/python3.12/site-packages/camera_pipeline/__init__.py to __init__.cpython-312.pyc
[2.179s] running install_data
[2.179s] creating /home/aron-larsen/lab4/src/install/camera_pipeline/share/ament_index
[2.179s] creating /home/aron-larsen/lab4/src/install/camera_pipeline/share/ament_index/resource_index
[2.179s] creating /home/aron-larsen/lab4/src/install/camera_pipeline/share/ament_index/resource_index/packages
[2.179s] copying resource/camera_pipeline -> /home/aron-larsen/lab4/src/install/camera_pipeline/share/ament_index/resource_index/packages
[2.180s] copying package.xml -> /home/aron-larsen/lab4/src/install/camera_pipeline/share/camera_pipeline
[2.180s] running install_egg_info
[2.200s] Copying ../build/camera_pipeline/camera_pipeline.egg-info to /home/aron-larsen/lab4/src/install/camera_pipeline/lib/python3.12/site-packages/camera_pipeline-0.0.0-py3.12.egg-info
[2.200s] running install_scripts
[2.332s] writing list of installed files to '/home/aron-larsen/lab4/src/build/camera_pipeline/install.log'
[2.379s] Invoked command in '/home/aron-larsen/lab4/src/camera_pipeline' returned '0': DEBUGINFOD_URLS=https://debuginfod.ubuntu.com PYTHONPATH=/home/aron-larsen/lab4/src/build/camera_pipeline/prefix_override:/usr/lib/python3/dist-packages/colcon_core/task/python/colcon_distutils_commands:/home/aron-larsen/lab4/src/install/camera_pipeline/lib/python3.12/site-packages:${PYTHONPATH} /usr/bin/python3 -W ignore:setup.py install is deprecated -W ignore:easy_install command is deprecated setup.py egg_info --egg-base ../build/camera_pipeline build --build-base /home/aron-larsen/lab4/src/build/camera_pipeline/build install --record /home/aron-larsen/lab4/src/build/camera_pipeline/install.log --single-version-externally-managed install_data
