[1.640s] Invoking command in '/home/aron-larsen/lab4/src/camera_pipeline': DEBUGINFOD_URLS=https://debuginfod.ubuntu.com PYTHONPATH=/home/aron-larsen/lab4/build/camera_pipeline/prefix_override:/usr/lib/python3/dist-packages/colcon_core/task/python/colcon_distutils_commands:/home/aron-larsen/lab4/install/camera_pipeline/lib/python3.12/site-packages:${PYTHONPATH} /usr/bin/python3 -W ignore:setup.py install is deprecated -W ignore:easy_install command is deprecated setup.py egg_info --egg-base ../../build/camera_pipeline build --build-base /home/aron-larsen/lab4/build/camera_pipeline/build install --record /home/aron-larsen/lab4/build/camera_pipeline/install.log --single-version-externally-managed install_data
[2.083s] running egg_info
[2.102s] writing ../../build/camera_pipeline/camera_pipeline.egg-info/PKG-INFO
[2.103s] writing dependency_links to ../../build/camera_pipeline/camera_pipeline.egg-info/dependency_links.txt
[2.103s] writing requirements to ../../build/camera_pipeline/camera_pipeline.egg-info/requires.txt
[2.103s] writing top-level names to ../../build/camera_pipeline/camera_pipeline.egg-info/top_level.txt
[2.143s] reading manifest file '../../build/camera_pipeline/camera_pipeline.egg-info/SOURCES.txt'
[2.143s] writing manifest file '../../build/camera_pipeline/camera_pipeline.egg-info/SOURCES.txt'
[2.144s] running build
[2.144s] running build_py
[2.144s] creating /home/aron-larsen/lab4/build/camera_pipeline/build
[2.144s] creating /home/aron-larsen/lab4/build/camera_pipeline/build/lib
[2.145s] creating /home/aron-larsen/lab4/build/camera_pipeline/build/lib/camera_pipeline
[2.145s] copying camera_pipeline/__init__.py -> /home/aron-larsen/lab4/build/camera_pipeline/build/lib/camera_pipeline
[2.145s] running install
[2.150s] running install_lib
[2.169s] creating /home/aron-larsen/lab4/install/camera_pipeline/lib/python3.12/site-packages/camera_pipeline
[2.169s] copying /home/aron-larsen/lab4/build/camera_pipeline/build/lib/camera_pipeline/__init__.py -> /home/aron-larsen/lab4/install/camera_pipeline/lib/python3.12/site-packages/camera_pipeline
[2.170s] byte-compiling /home/aron-larsen/lab4/install/camera_pipeline/lib/python3.12/site-packages/camera_pipeline/__init__.py to __init__.cpython-312.pyc
[2.170s] error: can't copy 'launch/pipeline_launch.py': doesn't exist or not a regular file
[2.170s] running install_data
[2.199s] Invoked command in '/home/aron-larsen/lab4/src/camera_pipeline' returned '1': DEBUGINFOD_URLS=https://debuginfod.ubuntu.com PYTHONPATH=/home/aron-larsen/lab4/build/camera_pipeline/prefix_override:/usr/lib/python3/dist-packages/colcon_core/task/python/colcon_distutils_commands:/home/aron-larsen/lab4/install/camera_pipeline/lib/python3.12/site-packages:${PYTHONPATH} /usr/bin/python3 -W ignore:setup.py install is deprecated -W ignore:easy_install command is deprecated setup.py egg_info --egg-base ../../build/camera_pipeline build --build-base /home/aron-larsen/lab4/build/camera_pipeline/build install --record /home/aron-larsen/lab4/build/camera_pipeline/install.log --single-version-externally-managed install_data
