[1.453s] Invoking command in '/home/aron-larsen/lab4/src/camera_pipeline': DEBUGINFOD_URLS=https://debuginfod.ubuntu.com PYTHONPATH=/home/aron-larsen/lab4/build/camera_pipeline/prefix_override:/usr/lib/python3/dist-packages/colcon_core/task/python/colcon_distutils_commands:/home/aron-larsen/lab4/install/camera_pipeline/lib/python3.12/site-packages:${PYTHONPATH} /usr/bin/python3 -W ignore:setup.py install is deprecated -W ignore:easy_install command is deprecated setup.py egg_info --egg-base ../../build/camera_pipeline build --build-base /home/aron-larsen/lab4/build/camera_pipeline/build install --record /home/aron-larsen/lab4/build/camera_pipeline/install.log --single-version-externally-managed install_data
[1.733s] running egg_info
[1.733s] creating ../../build/camera_pipeline/camera_pipeline.egg-info
[1.753s] writing ../../build/camera_pipeline/camera_pipeline.egg-info/PKG-INFO
[1.754s] writing dependency_links to ../../build/camera_pipeline/camera_pipeline.egg-info/dependency_links.txt
[1.754s] writing requirements to ../../build/camera_pipeline/camera_pipeline.egg-info/requires.txt
[1.754s] writing top-level names to ../../build/camera_pipeline/camera_pipeline.egg-info/top_level.txt
[1.754s] writing manifest file '../../build/camera_pipeline/camera_pipeline.egg-info/SOURCES.txt'
[1.774s] reading manifest file '../../build/camera_pipeline/camera_pipeline.egg-info/SOURCES.txt'
[1.775s] writing manifest file '../../build/camera_pipeline/camera_pipeline.egg-info/SOURCES.txt'
[1.775s] running build
[1.775s] running install
[1.781s] running install_data
[1.782s] creating /home/aron-larsen/lab4/install/camera_pipeline/share/ament_index
[1.782s] creating /home/aron-larsen/lab4/install/camera_pipeline/share/ament_index/resource_index
[1.782s] creating /home/aron-larsen/lab4/install/camera_pipeline/share/ament_index/resource_index/packages
[1.782s] copying resource/camera_pipeline -> /home/aron-larsen/lab4/install/camera_pipeline/share/ament_index/resource_index/packages
[1.783s] copying package.xml -> /home/aron-larsen/lab4/install/camera_pipeline/share/camera_pipeline
[1.783s] creating /home/aron-larsen/lab4/install/camera_pipeline/share/camera_pipeline/launch
[1.783s] error: can't copy 'launch/pipeline_launch.py': doesn't exist or not a regular file
[1.823s] Invoked command in '/home/aron-larsen/lab4/src/camera_pipeline' returned '1': DEBUGINFOD_URLS=https://debuginfod.ubuntu.com PYTHONPATH=/home/aron-larsen/lab4/build/camera_pipeline/prefix_override:/usr/lib/python3/dist-packages/colcon_core/task/python/colcon_distutils_commands:/home/aron-larsen/lab4/install/camera_pipeline/lib/python3.12/site-packages:${PYTHONPATH} /usr/bin/python3 -W ignore:setup.py install is deprecated -W ignore:easy_install command is deprecated setup.py egg_info --egg-base ../../build/camera_pipeline build --build-base /home/aron-larsen/lab4/build/camera_pipeline/build install --record /home/aron-larsen/lab4/build/camera_pipeline/install.log --single-version-externally-managed install_data
